	
	 ******************************************************************************
	 4/12/2015 3:18:00 PM SII_Student_ChangePassword, iteration No 001 
	 ******************************************************************************
	 *  NumControl   : 08030379    
	 *  Password     : swatch001aren--  
	 *  New Password : test1  
	 ********************************                
	 4/12/2015 3:18:03 PM 	 2.748568 	 SII_Student_ChangePass_00_openURL
	 4/12/2015 3:18:06 PM 	 2.473234 	 SII_Student_ChangePass_01_login
	 4/12/2015 3:18:06 PM 	 0.447349 	 SII_Student_ChangePass_02_ClickChangePassOption
ChangePassword.c(236): Error: SII Pass updated - System shows error message: '[Contraseña debil.]' for :[08030379] Password:[test1]
	 4/12/2015 3:18:08 PM 	 1.742580 	 SII_Student_ChangePass_04_logout
	
	 ******************************************************************************
	 4/12/2015 3:18:08 PM SII_Student_ChangePassword, iteration No 002 
	 ******************************************************************************
	 *  NumControl   : 08030379    
	 *  Password     : swatch001aren--  
	 *  New Password : test1  
	 ********************************                
	 4/12/2015 3:18:12 PM 	 3.417075 	 SII_Student_ChangePass_00_openURL
	 4/12/2015 3:18:15 PM 	 2.801852 	 SII_Student_ChangePass_01_login
	 4/12/2015 3:18:15 PM 	 0.431374 	 SII_Student_ChangePass_02_ClickChangePassOption
ChangePassword.c(236): Error: SII Pass updated - System shows error message: '[Contraseña debil.]' for :[08030379] Password:[test1]
	 4/12/2015 3:18:17 PM 	 1.834378 	 SII_Student_ChangePass_04_logout
	
	 ******************************************************************************
	 4/12/2015 3:18:17 PM SII_Student_ChangePassword, iteration No 003 
	 ******************************************************************************
	 *  NumControl   : 15030379    
	 *  Password     : XXXX  
	 *  New Password : XXXX  
	 ********************************                
	 4/12/2015 3:18:18 PM 	 0.963485 	 SII_Student_ChangePass_00_openURL
ChangePassword.c(153): Error: SII Login - User or Password invalid for Username:[15030379] Password:[XXXX]
